<?xml version="1.0" encoding="UTF-8"?>
<testsuite xmlns:xsi="http://www.w3.org/2001/XMLSchema-instance" xsi:noNamespaceSchemaLocation="https://maven.apache.org/surefire/maven-surefire-plugin/xsd/surefire-test-report.xsd" version="3.0.2" name="com.jswone.orchestrator.rest.JomsApiTest" time="0.459" tests="15" errors="0" skipped="0" failures="0">
  <properties>
[...]
</properties>
  <testcase name="testInitiateCashbackException" classname="com.jswone.orchestrator.rest.JomsApiTest" time="0.352"/>
  <testcase name="testInitiateReleaseOrderException" classname="com.jswone.orchestrator.rest.JomsApiTest" time="0.006"/>
  <testcase name="testInitiateReleaseOrderNullRequest" classname="com.jswone.orchestrator.rest.JomsApiTest" time="0.004"/>
  <testcase name="testUpdateOrderReleaseStatusFailureResponse" classname="com.jswone.orchestrator.rest.JomsApiTest" time="0.004"/>
  <testcase name="testInitiateReleaseOrderFailureResponse" classname="com.jswone.orchestrator.rest.JomsApiTest" time="0.002"/>
  <testcase name="testVerifyInvoicesPostedStatusFailureResponse" classname="com.jswone.orchestrator.rest.JomsApiTest" time="0.038"/>
  <testcase name="testUpdateOrderReleaseStatusSuccessResponse" classname="com.jswone.orchestrator.rest.JomsApiTest" time="0.004"/>
  <testcase name="testVerifyInvoicesPostedStatusNullRequest" classname="com.jswone.orchestrator.rest.JomsApiTest" time="0.005"/>
  <testcase name="testInitiateReleaseOrderSuccessResponse" classname="com.jswone.orchestrator.rest.JomsApiTest" time="0.005"/>
  <testcase name="testUpdateOrderReleaseStatusNullRequest" classname="com.jswone.orchestrator.rest.JomsApiTest" time="0.004"/>
  <testcase name="testVerifyInvoicesPostedStatusSuccessResponse" classname="com.jswone.orchestrator.rest.JomsApiTest" time="0.006"/>
  <testcase name="testInitiateCashbackNullRequest" classname="com.jswone.orchestrator.rest.JomsApiTest" time="0.004"/>
  <testcase name="testInitiateCashbackFailureResponse" classname="com.jswone.orchestrator.rest.JomsApiTest" time="0.004"/>
  <testcase name="testInitiateCashbackSuccessResponse" classname="com.jswone.orchestrator.rest.JomsApiTest" time="0.003"/>
  <testcase name="testUpdateOrderReleaseStatusException" classname="com.jswone.orchestrator.rest.JomsApiTest" time="0.005"/>
</testsuite>